2024-05-16 01:42:47,271 - INFO - [Master 1]: Start listening on ip:10.0.0.4, port:5090
2024-05-16 01:42:50,797 - INFO - [Master 1]: Health Probe
2024-05-16 01:43:10,805 - INFO - [Master 1]: Health Probe
2024-05-16 01:43:30,806 - INFO - [Master 1]: Health Probe
2024-05-16 01:43:50,817 - INFO - [Master 1]: Health Probe
2024-05-16 01:44:10,828 - INFO - [Master 1]: Health Probe
2024-05-16 01:44:30,831 - INFO - [Master 1]: Health Probe
2024-05-16 01:44:50,834 - INFO - [Master 1]: Health Probe
2024-05-16 01:45:10,848 - INFO - [Master 1]: Health Probe
2024-05-16 01:45:30,857 - INFO - [Master 1]: Health Probe
2024-05-16 01:45:36,025 - INFO - [Master 1]: Starting Thread with:41.238.94.188 : 61560 
2024-05-16 01:45:36,037 - INFO - [Master 1]: start receiving data
2024-05-16 01:45:44,256 - INFO - [Master 1]: returning received array
2024-05-16 01:45:44,257 - INFO - [Master 1]: Received image with operation:Brighten 
2024-05-16 01:45:44,290 - INFO - [ServerMaster]: Start sending
2024-05-16 01:45:44,379 - INFO - [ServerMaster]: Start sending
2024-05-16 01:45:44,411 - INFO - [ServerMaster]: Start sending
2024-05-16 01:45:44,526 - INFO - [ServerMaster]: Start receive process
2024-05-16 01:45:44,527 - INFO - [ServerMaster]: Start receive process
2024-05-16 01:45:44,527 - INFO - [ServerMaster]: Start receive process
2024-05-16 01:45:49,838 - INFO - [ServerMaster]: Start receiving data
2024-05-16 01:45:49,884 - INFO - [ServerMaster]: Start receiving data
2024-05-16 01:45:49,983 - INFO - [ServerMaster]: Start receiving data
2024-05-16 01:45:50,884 - INFO - [Master 1]: Health Probe
2024-05-16 01:45:58,482 - INFO - [ServerMaster]: Returning received array
2024-05-16 01:45:58,543 - INFO - [ServerMaster]: Returning received array
2024-05-16 01:45:58,545 - INFO - [ServerMaster]: Returning received array
2024-05-16 01:45:58,568 - INFO - [Master 1]: sending serialized
2024-05-16 01:46:04,944 - INFO - [Master 1]: start receiving data
