2024-05-17 13:17:51,471 - INFO - [Master 1]: Start listening on ip:10.0.0.4, port:5090
2024-05-17 13:18:04,348 - INFO - [Master 1]: Health Probe
2024-05-17 13:18:24,354 - INFO - [Master 1]: Health Probe
2024-05-17 13:18:44,360 - INFO - [Master 1]: Health Probe
2024-05-17 13:19:04,366 - INFO - [Master 1]: Health Probe
2024-05-17 13:19:24,380 - INFO - [Master 1]: Health Probe
2024-05-17 13:19:40,709 - INFO - [Master 1]: Starting Thread with:41.238.94.188 : 54709 
2024-05-17 13:19:40,710 - INFO - [Master 1]: start receiving data
2024-05-17 13:19:44,380 - INFO - [Master 1]: Health Probe
2024-05-17 13:19:47,380 - INFO - [Master 1]: returning received array
2024-05-17 13:19:47,381 - INFO - [Master 1]: Received image with operation:Threshold 
2024-05-17 13:19:47,425 - INFO - [ServerMaster]: Start sending
2024-05-17 13:19:47,434 - INFO - [ServerMaster]: Start receive process
2024-05-17 13:19:47,445 - INFO - [ServerMaster]: Start sending
2024-05-17 13:19:47,456 - INFO - [ServerMaster]: Start receive process
2024-05-17 13:19:47,469 - INFO - [ServerMaster]: Start sending
2024-05-17 13:19:47,480 - INFO - [ServerMaster]: Start receive process
2024-05-17 13:19:52,450 - INFO - [ServerMaster]: Start receiving data
2024-05-17 13:19:52,484 - INFO - [ServerMaster]: Start receiving data
2024-05-17 13:19:52,519 - INFO - [ServerMaster]: Start receiving data
2024-05-17 13:19:57,507 - INFO - [ServerMaster]: Returning received array
2024-05-17 13:19:57,533 - INFO - [ServerMaster]: Returning received array
2024-05-17 13:19:57,565 - INFO - [ServerMaster]: Returning received array
2024-05-17 13:19:57,598 - INFO - [ServerMaster]: Start sending
2024-05-17 13:19:57,607 - INFO - [ServerMaster]: Start receive process
2024-05-17 13:20:02,650 - INFO - [ServerMaster]: Start receiving data
2024-05-17 13:20:04,412 - INFO - [Master 1]: Health Probe
2024-05-17 13:20:07,705 - INFO - [ServerMaster]: Returning received array
2024-05-17 13:20:07,734 - INFO - [Master 1]: sending serialized
2024-05-17 13:20:24,395 - INFO - [Master 1]: Health Probe
2024-05-17 13:20:44,401 - INFO - [Master 1]: Health Probe
2024-05-17 13:21:04,408 - INFO - [Master 1]: Health Probe
2024-05-17 13:21:24,413 - INFO - [Master 1]: Health Probe
2024-05-17 13:21:44,416 - INFO - [Master 1]: Health Probe
2024-05-17 13:22:04,429 - INFO - [Master 1]: Health Probe
2024-05-17 13:22:24,441 - INFO - [Master 1]: Health Probe
2024-05-17 13:22:44,445 - INFO - [Master 1]: Health Probe
2024-05-17 13:23:04,451 - INFO - [Master 1]: Health Probe
2024-05-17 13:23:24,464 - INFO - [Master 1]: Health Probe
2024-05-17 13:23:44,472 - INFO - [Master 1]: Health Probe
2024-05-17 13:24:04,480 - INFO - [Master 1]: Health Probe
2024-05-17 13:24:24,489 - INFO - [Master 1]: Health Probe
2024-05-17 13:24:44,501 - INFO - [Master 1]: Health Probe
2024-05-17 13:25:04,510 - INFO - [Master 1]: Health Probe
2024-05-17 13:25:24,521 - INFO - [Master 1]: Health Probe
2024-05-17 13:25:44,533 - INFO - [Master 1]: Health Probe
2024-05-17 13:26:04,537 - INFO - [Master 1]: Health Probe
2024-05-17 13:26:24,553 - INFO - [Master 1]: Health Probe
2024-05-17 13:26:44,562 - INFO - [Master 1]: Health Probe
2024-05-17 13:27:04,571 - INFO - [Master 1]: Health Probe
2024-05-17 13:27:24,576 - INFO - [Master 1]: Health Probe
2024-05-17 13:27:44,592 - INFO - [Master 1]: Health Probe
2024-05-17 13:28:04,602 - INFO - [Master 1]: Health Probe
2024-05-17 13:28:24,608 - INFO - [Master 1]: Health Probe
2024-05-17 13:28:44,621 - INFO - [Master 1]: Health Probe
2024-05-17 13:29:04,623 - INFO - [Master 1]: Health Probe
2024-05-17 13:29:24,633 - INFO - [Master 1]: Health Probe
2024-05-17 13:29:44,642 - INFO - [Master 1]: Health Probe
2024-05-17 13:30:04,657 - INFO - [Master 1]: Health Probe
2024-05-17 13:30:24,673 - INFO - [Master 1]: Health Probe
2024-05-17 13:30:44,676 - INFO - [Master 1]: Health Probe
2024-05-17 13:31:04,677 - INFO - [Master 1]: Health Probe
2024-05-17 13:31:24,692 - INFO - [Master 1]: Health Probe
2024-05-17 13:31:44,708 - INFO - [Master 1]: Health Probe
2024-05-17 13:32:04,716 - INFO - [Master 1]: Health Probe
2024-05-17 13:32:24,725 - INFO - [Master 1]: Health Probe
2024-05-17 13:32:44,730 - INFO - [Master 1]: Health Probe
2024-05-17 13:33:04,736 - INFO - [Master 1]: Health Probe
2024-05-17 13:33:24,739 - INFO - [Master 1]: Health Probe
2024-05-17 13:33:44,754 - INFO - [Master 1]: Health Probe
2024-05-17 13:34:04,755 - INFO - [Master 1]: Health Probe
2024-05-17 13:34:24,761 - INFO - [Master 1]: Health Probe
2024-05-17 13:34:44,766 - INFO - [Master 1]: Health Probe
2024-05-17 13:35:04,774 - INFO - [Master 1]: Health Probe
2024-05-17 13:35:24,783 - INFO - [Master 1]: Health Probe
2024-05-17 13:35:44,793 - INFO - [Master 1]: Health Probe
2024-05-17 13:36:04,799 - INFO - [Master 1]: Health Probe
2024-05-17 13:36:24,802 - INFO - [Master 1]: Health Probe
2024-05-17 13:36:44,806 - INFO - [Master 1]: Health Probe
2024-05-17 13:37:04,813 - INFO - [Master 1]: Health Probe
2024-05-17 13:37:24,828 - INFO - [Master 1]: Health Probe
2024-05-17 13:37:44,844 - INFO - [Master 1]: Health Probe
2024-05-17 13:38:04,857 - INFO - [Master 1]: Health Probe
2024-05-17 13:38:24,863 - INFO - [Master 1]: Health Probe
2024-05-17 13:38:44,866 - INFO - [Master 1]: Health Probe
2024-05-17 13:39:04,869 - INFO - [Master 1]: Health Probe
2024-05-17 13:39:24,879 - INFO - [Master 1]: Health Probe
2024-05-17 13:39:44,881 - INFO - [Master 1]: Health Probe
2024-05-17 13:40:04,892 - INFO - [Master 1]: Health Probe
2024-05-17 13:40:24,904 - INFO - [Master 1]: Health Probe
2024-05-17 13:40:44,919 - INFO - [Master 1]: Health Probe
2024-05-17 13:41:04,931 - INFO - [Master 1]: Health Probe
2024-05-17 13:41:24,946 - INFO - [Master 1]: Health Probe
2024-05-17 13:41:44,946 - INFO - [Master 1]: Health Probe
2024-05-17 13:42:04,949 - INFO - [Master 1]: Health Probe
2024-05-17 13:42:24,953 - INFO - [Master 1]: Health Probe
2024-05-17 13:42:44,960 - INFO - [Master 1]: Health Probe
2024-05-17 13:43:04,967 - INFO - [Master 1]: Health Probe
2024-05-17 13:43:24,973 - INFO - [Master 1]: Health Probe
2024-05-17 13:43:44,979 - INFO - [Master 1]: Health Probe
2024-05-17 13:44:04,983 - INFO - [Master 1]: Health Probe
2024-05-17 13:44:24,998 - INFO - [Master 1]: Health Probe
2024-05-17 13:44:45,003 - INFO - [Master 1]: Health Probe
2024-05-17 13:45:05,005 - INFO - [Master 1]: Health Probe
2024-05-17 13:45:25,010 - INFO - [Master 1]: Health Probe
2024-05-17 13:45:45,019 - INFO - [Master 1]: Health Probe
2024-05-17 13:46:05,023 - INFO - [Master 1]: Health Probe
2024-05-17 13:46:25,029 - INFO - [Master 1]: Health Probe
2024-05-17 13:46:45,045 - INFO - [Master 1]: Health Probe
2024-05-17 13:47:05,061 - INFO - [Master 1]: Health Probe
2024-05-17 13:47:25,072 - INFO - [Master 1]: Health Probe
2024-05-17 13:47:45,089 - INFO - [Master 1]: Health Probe
2024-05-17 13:48:05,105 - INFO - [Master 1]: Health Probe
2024-05-17 13:48:25,111 - INFO - [Master 1]: Health Probe
2024-05-17 13:48:45,118 - INFO - [Master 1]: Health Probe
2024-05-17 13:49:05,134 - INFO - [Master 1]: Health Probe
2024-05-17 13:49:25,135 - INFO - [Master 1]: Health Probe
2024-05-17 13:49:45,140 - INFO - [Master 1]: Health Probe
2024-05-17 13:50:05,146 - INFO - [Master 1]: Health Probe
2024-05-17 13:50:25,153 - INFO - [Master 1]: Health Probe
2024-05-17 13:50:45,160 - INFO - [Master 1]: Health Probe
2024-05-17 13:51:05,175 - INFO - [Master 1]: Health Probe
2024-05-17 13:51:25,183 - INFO - [Master 1]: Health Probe
2024-05-17 13:51:45,192 - INFO - [Master 1]: Health Probe
2024-05-17 13:52:05,195 - INFO - [Master 1]: Health Probe
2024-05-17 13:52:25,205 - INFO - [Master 1]: Health Probe
2024-05-17 13:52:45,222 - INFO - [Master 1]: Health Probe
2024-05-17 13:53:05,224 - INFO - [Master 1]: Health Probe
2024-05-17 13:53:25,239 - INFO - [Master 1]: Health Probe
2024-05-17 13:53:45,254 - INFO - [Master 1]: Health Probe
2024-05-17 13:54:05,257 - INFO - [Master 1]: Health Probe
2024-05-17 13:54:25,274 - INFO - [Master 1]: Health Probe
2024-05-17 13:54:45,278 - INFO - [Master 1]: Health Probe
2024-05-17 13:55:05,292 - INFO - [Master 1]: Health Probe
2024-05-17 13:55:25,298 - INFO - [Master 1]: Health Probe
2024-05-17 13:55:45,303 - INFO - [Master 1]: Health Probe
2024-05-17 13:56:05,320 - INFO - [Master 1]: Health Probe
2024-05-17 13:56:25,324 - INFO - [Master 1]: Health Probe
2024-05-17 13:56:45,335 - INFO - [Master 1]: Health Probe
2024-05-17 13:57:05,337 - INFO - [Master 1]: Health Probe
2024-05-17 13:57:25,348 - INFO - [Master 1]: Health Probe
2024-05-17 13:57:45,355 - INFO - [Master 1]: Health Probe
2024-05-17 13:58:05,370 - INFO - [Master 1]: Health Probe
2024-05-17 13:58:25,379 - INFO - [Master 1]: Health Probe
2024-05-17 13:58:45,381 - INFO - [Master 1]: Health Probe
2024-05-17 13:59:05,391 - INFO - [Master 1]: Health Probe
2024-05-17 13:59:25,404 - INFO - [Master 1]: Health Probe
2024-05-17 13:59:45,407 - INFO - [Master 1]: Health Probe
2024-05-17 14:00:05,423 - INFO - [Master 1]: Health Probe
2024-05-17 14:00:25,434 - INFO - [Master 1]: Health Probe
2024-05-17 14:00:45,441 - INFO - [Master 1]: Health Probe
2024-05-17 14:01:05,447 - INFO - [Master 1]: Health Probe
2024-05-17 14:01:25,453 - INFO - [Master 1]: Health Probe
2024-05-17 14:01:45,454 - INFO - [Master 1]: Health Probe
2024-05-17 14:02:05,463 - INFO - [Master 1]: Health Probe
2024-05-17 14:02:25,471 - INFO - [Master 1]: Health Probe
2024-05-17 14:02:45,483 - INFO - [Master 1]: Health Probe
2024-05-17 14:03:05,494 - INFO - [Master 1]: Health Probe
2024-05-17 14:03:25,503 - INFO - [Master 1]: Health Probe
2024-05-17 14:03:45,515 - INFO - [Master 1]: Health Probe
2024-05-17 14:04:05,522 - INFO - [Master 1]: Health Probe
2024-05-17 14:04:25,534 - INFO - [Master 1]: Health Probe
2024-05-17 14:04:45,542 - INFO - [Master 1]: Health Probe
2024-05-17 14:05:05,543 - INFO - [Master 1]: Health Probe
2024-05-17 14:05:25,559 - INFO - [Master 1]: Health Probe
2024-05-17 14:05:45,565 - INFO - [Master 1]: Health Probe
2024-05-17 14:06:05,577 - INFO - [Master 1]: Health Probe
2024-05-17 14:06:25,591 - INFO - [Master 1]: Health Probe
2024-05-17 14:06:45,601 - INFO - [Master 1]: Health Probe
2024-05-17 14:07:05,611 - INFO - [Master 1]: Health Probe
2024-05-17 14:07:25,621 - INFO - [Master 1]: Health Probe
2024-05-17 14:07:45,624 - INFO - [Master 1]: Health Probe
2024-05-17 14:08:05,639 - INFO - [Master 1]: Health Probe
2024-05-17 14:08:25,644 - INFO - [Master 1]: Health Probe
2024-05-17 14:08:45,647 - INFO - [Master 1]: Health Probe
2024-05-17 14:09:05,648 - INFO - [Master 1]: Health Probe
2024-05-17 14:09:25,655 - INFO - [Master 1]: Health Probe
2024-05-17 14:09:45,666 - INFO - [Master 1]: Health Probe
2024-05-17 14:10:05,675 - INFO - [Master 1]: Health Probe
2024-05-17 14:10:25,684 - INFO - [Master 1]: Health Probe
2024-05-17 14:10:45,692 - INFO - [Master 1]: Health Probe
2024-05-17 14:11:05,703 - INFO - [Master 1]: Health Probe
2024-05-17 14:11:25,709 - INFO - [Master 1]: Health Probe
2024-05-17 14:11:45,719 - INFO - [Master 1]: Health Probe
2024-05-17 14:12:05,730 - INFO - [Master 1]: Health Probe
2024-05-17 14:12:25,736 - INFO - [Master 1]: Health Probe
2024-05-17 14:12:45,741 - INFO - [Master 1]: Health Probe
2024-05-17 14:13:05,751 - INFO - [Master 1]: Health Probe
2024-05-17 14:13:25,752 - INFO - [Master 1]: Health Probe
2024-05-17 14:13:45,764 - INFO - [Master 1]: Health Probe
2024-05-17 14:14:05,769 - INFO - [Master 1]: Health Probe
2024-05-17 14:14:14,250 - INFO - [Master 1]: Starting Thread with:41.238.94.188 : 55376 
2024-05-17 14:14:14,254 - INFO - [Master 1]: start receiving data
2024-05-17 14:14:14,386 - INFO - [Master 1]: Starting Thread with:41.238.94.188 : 24517 
2024-05-17 14:14:14,400 - INFO - [Master 1]: start receiving data
2024-05-17 14:14:20,841 - INFO - [Master 1]: returning received array
2024-05-17 14:14:20,842 - INFO - [Master 1]: Received image with operation:Gray 
2024-05-17 14:14:20,887 - INFO - [ServerMaster]: Start sending
2024-05-17 14:14:20,900 - INFO - [ServerMaster]: Start receive process
2024-05-17 14:14:20,910 - INFO - [ServerMaster]: Start sending
2024-05-17 14:14:20,918 - INFO - [ServerMaster]: Start receive process
2024-05-17 14:14:20,926 - INFO - [ServerMaster]: Start sending
2024-05-17 14:14:20,941 - INFO - [ServerMaster]: Start receive process
2024-05-17 14:14:25,610 - INFO - [Master 1]: returning received array
2024-05-17 14:14:25,628 - INFO - [Master 1]: Received image with operation:Gray 
2024-05-17 14:14:25,785 - INFO - [Master 1]: Health Probe
2024-05-17 14:14:25,814 - INFO - [ServerMaster]: Start sending
2024-05-17 14:14:25,859 - INFO - [ServerMaster]: Start receive process
2024-05-17 14:14:25,860 - INFO - [ServerMaster]: Start sending
2024-05-17 14:14:25,913 - INFO - [ServerMaster]: Start receive process
2024-05-17 14:14:25,913 - INFO - [ServerMaster]: Start sending
2024-05-17 14:14:25,934 - INFO - [ServerMaster]: Start receiving data
2024-05-17 14:14:25,952 - INFO - [ServerMaster]: Start receiving data
2024-05-17 14:14:25,953 - INFO - [ServerMaster]: Start receiving data
2024-05-17 14:14:25,983 - INFO - [ServerMaster]: Returning received array
2024-05-17 14:14:26,001 - INFO - [ServerMaster]: Start receive process
2024-05-17 14:14:26,043 - INFO - [ServerMaster]: Returning received array
2024-05-17 14:14:26,072 - INFO - [ServerMaster]: Returning received array
2024-05-17 14:14:26,122 - INFO - [Master 1]: sending serialized
2024-05-17 14:14:31,362 - INFO - [ServerMaster]: Start receiving data
2024-05-17 14:14:31,486 - INFO - [ServerMaster]: Start receiving data
2024-05-17 14:14:31,508 - INFO - [ServerMaster]: Start receiving data
2024-05-17 14:14:42,331 - INFO - [ServerMaster]: Returning received array
2024-05-17 14:14:45,800 - INFO - [Master 1]: Health Probe
2024-05-17 14:14:46,676 - INFO - [ServerMaster]: Returning received array
2024-05-17 14:14:46,725 - INFO - [ServerMaster]: Returning received array
2024-05-17 14:14:46,793 - INFO - [Master 1]: sending serialized
2024-05-17 14:15:05,793 - INFO - [Master 1]: Health Probe
2024-05-17 14:15:25,803 - INFO - [Master 1]: Health Probe
2024-05-17 14:15:45,815 - INFO - [Master 1]: Health Probe
2024-05-17 14:16:05,815 - INFO - [Master 1]: Health Probe
2024-05-17 14:16:25,831 - INFO - [Master 1]: Health Probe
2024-05-17 14:16:45,849 - INFO - [Master 1]: Health Probe
2024-05-17 14:17:05,854 - INFO - [Master 1]: Health Probe
2024-05-17 14:17:25,867 - INFO - [Master 1]: Health Probe
2024-05-17 14:17:45,884 - INFO - [Master 1]: Health Probe
2024-05-17 14:18:05,891 - INFO - [Master 1]: Health Probe
2024-05-17 14:18:25,899 - INFO - [Master 1]: Health Probe
2024-05-17 14:18:45,905 - INFO - [Master 1]: Health Probe
2024-05-17 14:19:05,919 - INFO - [Master 1]: Health Probe
2024-05-17 14:19:25,926 - INFO - [Master 1]: Health Probe
2024-05-17 14:19:45,933 - INFO - [Master 1]: Health Probe
2024-05-17 14:20:05,950 - INFO - [Master 1]: Health Probe
2024-05-17 14:20:25,960 - INFO - [Master 1]: Health Probe
2024-05-17 14:20:45,964 - INFO - [Master 1]: Health Probe
2024-05-17 14:21:05,976 - INFO - [Master 1]: Health Probe
2024-05-17 14:21:25,991 - INFO - [Master 1]: Health Probe
2024-05-17 14:21:45,994 - INFO - [Master 1]: Health Probe
2024-05-17 14:22:06,005 - INFO - [Master 1]: Health Probe
2024-05-17 14:22:18,166 - INFO - [Master 1]: Starting Thread with:41.238.94.188 : 55502 
2024-05-17 14:22:18,168 - INFO - [Master 1]: start receiving data
2024-05-17 14:22:18,319 - INFO - [Master 1]: Starting Thread with:41.238.94.188 : 55504 
2024-05-17 14:22:18,329 - INFO - [Master 1]: start receiving data
